<testsuites id="" name="" tests="22" failures="0" skipped="22" errors="0" time="0.4626399999999999">
<testsuite name="specs\integration\database-integration.spec.ts" timestamp="2025-10-22T09:48:07.546Z" hostname="Desktop Chrome" tests="11" failures="0" skipped="11" time="0" errors="0">
<testcase name="数据库集成测试 › 数据库操作和事务处理测试 › 用户注册事务完整性" classname="specs\integration\database-integration.spec.ts" time="0">
<skipped>
</skipped>
</testcase>
<testcase name="数据库集成测试 › 数据库操作和事务处理测试 › 宠物创建事务回滚测试" classname="specs\integration\database-integration.spec.ts" time="0">
<skipped>
</skipped>
</testcase>
<testcase name="数据库集成测试 › 数据库操作和事务处理测试 › 分析记录事务一致性" classname="specs\integration\database-integration.spec.ts" time="0">
<skipped>
</skipped>
</testcase>
<testcase name="数据库集成测试 › 数据库操作和事务处理测试 › 并发写入事务隔离" classname="specs\integration\database-integration.spec.ts" time="0">
<skipped>
</skipped>
</testcase>
<testcase name="数据库集成测试 › 数据备份恢复和迁移测试 › 用户数据完整性验证" classname="specs\integration\database-integration.spec.ts" time="0">
<skipped>
</skipped>
</testcase>
<testcase name="数据库集成测试 › 数据备份恢复和迁移测试 › 数据导出功能验证" classname="specs\integration\database-integration.spec.ts" time="0">
<skipped>
</skipped>
</testcase>
<testcase name="数据库集成测试 › 数据备份恢复和迁移测试 › 数据迁移兼容性测试" classname="specs\integration\database-integration.spec.ts" time="0">
<skipped>
</skipped>
</testcase>
<testcase name="数据库集成测试 › 数据库性能和并发访问测试 › 大量数据查询性能" classname="specs\integration\database-integration.spec.ts" time="0">
<skipped>
</skipped>
</testcase>
<testcase name="数据库集成测试 › 数据库性能和并发访问测试 › 并发用户访问测试" classname="specs\integration\database-integration.spec.ts" time="0">
<skipped>
</skipped>
</testcase>
<testcase name="数据库集成测试 › 数据库性能和并发访问测试 › 数据库连接池压力测试" classname="specs\integration\database-integration.spec.ts" time="0">
<skipped>
</skipped>
</testcase>
<testcase name="数据库集成测试 › 数据库性能和并发访问测试 › 长时间会话数据一致性" classname="specs\integration\database-integration.spec.ts" time="0">
<skipped>
</skipped>
</testcase>
</testsuite>
<testsuite name="specs\integration\database-integration.spec.ts" timestamp="2025-10-22T09:48:07.546Z" hostname="Mobile Chrome" tests="11" failures="0" skipped="11" time="0" errors="0">
<testcase name="数据库集成测试 › 数据库操作和事务处理测试 › 用户注册事务完整性" classname="specs\integration\database-integration.spec.ts" time="0">
<skipped>
</skipped>
</testcase>
<testcase name="数据库集成测试 › 数据库操作和事务处理测试 › 宠物创建事务回滚测试" classname="specs\integration\database-integration.spec.ts" time="0">
<skipped>
</skipped>
</testcase>
<testcase name="数据库集成测试 › 数据库操作和事务处理测试 › 分析记录事务一致性" classname="specs\integration\database-integration.spec.ts" time="0">
<skipped>
</skipped>
</testcase>
<testcase name="数据库集成测试 › 数据库操作和事务处理测试 › 并发写入事务隔离" classname="specs\integration\database-integration.spec.ts" time="0">
<skipped>
</skipped>
</testcase>
<testcase name="数据库集成测试 › 数据备份恢复和迁移测试 › 用户数据完整性验证" classname="specs\integration\database-integration.spec.ts" time="0">
<skipped>
</skipped>
</testcase>
<testcase name="数据库集成测试 › 数据备份恢复和迁移测试 › 数据导出功能验证" classname="specs\integration\database-integration.spec.ts" time="0">
<skipped>
</skipped>
</testcase>
<testcase name="数据库集成测试 › 数据备份恢复和迁移测试 › 数据迁移兼容性测试" classname="specs\integration\database-integration.spec.ts" time="0">
<skipped>
</skipped>
</testcase>
<testcase name="数据库集成测试 › 数据库性能和并发访问测试 › 大量数据查询性能" classname="specs\integration\database-integration.spec.ts" time="0">
<skipped>
</skipped>
</testcase>
<testcase name="数据库集成测试 › 数据库性能和并发访问测试 › 并发用户访问测试" classname="specs\integration\database-integration.spec.ts" time="0">
<skipped>
</skipped>
</testcase>
<testcase name="数据库集成测试 › 数据库性能和并发访问测试 › 数据库连接池压力测试" classname="specs\integration\database-integration.spec.ts" time="0">
<skipped>
</skipped>
</testcase>
<testcase name="数据库集成测试 › 数据库性能和并发访问测试 › 长时间会话数据一致性" classname="specs\integration\database-integration.spec.ts" time="0">
<skipped>
</skipped>
</testcase>
</testsuite>
</testsuites>